<?xml version="1.0" encoding="UTF-8"?>
<testsuite xmlns:xsi="http://www.w3.org/2001/XMLSchema-instance" xsi:noNamespaceSchemaLocation="https://maven.apache.org/surefire/maven-surefire-plugin/xsd/surefire-test-report.xsd" name="edu.qc.seclass.replace.MyMainTest" time="0.054" tests="30" errors="0" skipped="0" failures="0">
  <properties>
    <property name="awt.toolkit" value="sun.awt.X11.XToolkit"/>
    <property name="java.specification.version" value="11"/>
    <property name="sun.cpu.isalist" value=""/>
    <property name="sun.jnu.encoding" value="UTF-8"/>
    <property name="java.class.path" value="/home/esteban/code/Software-Engineering/IndividualProject/target/test-classes:/home/esteban/code/Software-Engineering/IndividualProject/target/classes:/home/esteban/.m2/repository/junit/junit/4.11/junit-4.11.jar:/home/esteban/.m2/repository/org/hamcrest/hamcrest-core/1.3/hamcrest-core-1.3.jar:"/>
    <property name="java.vm.vendor" value="Ubuntu"/>
    <property name="sun.arch.data.model" value="64"/>
    <property name="java.vendor.url" value="https://ubuntu.com/"/>
    <property name="user.timezone" value=""/>
    <property name="java.vm.specification.version" value="11"/>
    <property name="os.name" value="Linux"/>
    <property name="sun.java.launcher" value="SUN_STANDARD"/>
    <property name="sun.boot.library.path" value="/usr/lib/jvm/java-11-openjdk-amd64/lib"/>
    <property name="sun.java.command" value="/home/esteban/code/Software-Engineering/IndividualProject/target/surefire/surefirebooter8715730113909705454.jar /home/esteban/code/Software-Engineering/IndividualProject/target/surefire 2021-01-03T00-09-35_341-jvmRun1 surefire7184147226722345550tmp surefire_04300779630701524834tmp"/>
    <property name="jdk.debug" value="release"/>
    <property name="surefire.test.class.path" value="/home/esteban/code/Software-Engineering/IndividualProject/target/test-classes:/home/esteban/code/Software-Engineering/IndividualProject/target/classes:/home/esteban/.m2/repository/junit/junit/4.11/junit-4.11.jar:/home/esteban/.m2/repository/org/hamcrest/hamcrest-core/1.3/hamcrest-core-1.3.jar:"/>
    <property name="sun.cpu.endian" value="little"/>
    <property name="user.home" value="/home/esteban"/>
    <property name="user.language" value="en"/>
    <property name="java.specification.vendor" value="Oracle Corporation"/>
    <property name="java.version.date" value="2020-11-04"/>
    <property name="java.home" value="/usr/lib/jvm/java-11-openjdk-amd64"/>
    <property name="file.separator" value="/"/>
    <property name="basedir" value="/home/esteban/code/Software-Engineering/IndividualProject"/>
    <property name="java.vm.compressedOopsMode" value="Zero based"/>
    <property name="line.separator" value="&#10;"/>
    <property name="java.specification.name" value="Java Platform API Specification"/>
    <property name="java.vm.specification.vendor" value="Oracle Corporation"/>
    <property name="java.awt.graphicsenv" value="sun.awt.X11GraphicsEnvironment"/>
    <property name="surefire.real.class.path" value="/home/esteban/code/Software-Engineering/IndividualProject/target/surefire/surefirebooter8715730113909705454.jar"/>
    <property name="sun.management.compiler" value="HotSpot 64-Bit Tiered Compilers"/>
    <property name="java.runtime.version" value="11.0.9.1+1-Ubuntu-0ubuntu1.20.04"/>
    <property name="user.name" value="esteban"/>
    <property name="path.separator" value=":"/>
    <property name="os.version" value="4.19.104-microsoft-standard"/>
    <property name="java.runtime.name" value="OpenJDK Runtime Environment"/>
    <property name="file.encoding" value="UTF-8"/>
    <property name="java.vm.name" value="OpenJDK 64-Bit Server VM"/>
    <property name="localRepository" value="/home/esteban/.m2/repository"/>
    <property name="java.vendor.url.bug" value="https://bugs.launchpad.net/ubuntu/+source/openjdk-lts"/>
    <property name="java.io.tmpdir" value="/tmp"/>
    <property name="java.version" value="11.0.9.1"/>
    <property name="user.dir" value="/home/esteban/code/Software-Engineering/IndividualProject"/>
    <property name="os.arch" value="amd64"/>
    <property name="java.vm.specification.name" value="Java Virtual Machine Specification"/>
    <property name="java.awt.printerjob" value="sun.print.PSPrinterJob"/>
    <property name="sun.os.patch.level" value="unknown"/>
    <property name="java.library.path" value="/usr/java/packages/lib:/usr/lib/x86_64-linux-gnu/jni:/lib/x86_64-linux-gnu:/usr/lib/x86_64-linux-gnu:/usr/lib/jni:/lib:/usr/lib"/>
    <property name="java.vm.info" value="mixed mode, sharing"/>
    <property name="java.vendor" value="Ubuntu"/>
    <property name="java.vm.version" value="11.0.9.1+1-Ubuntu-0ubuntu1.20.04"/>
    <property name="sun.io.unicode.encoding" value="UnicodeLittle"/>
    <property name="java.class.version" value="55.0"/>
  </properties>
  <testcase name="mainTest1" classname="edu.qc.seclass.replace.MyMainTest" time="0"/>
  <testcase name="mainTest2" classname="edu.qc.seclass.replace.MyMainTest" time="0"/>
  <testcase name="mainTest3" classname="edu.qc.seclass.replace.MyMainTest" time="0"/>
  <testcase name="mainTest4" classname="edu.qc.seclass.replace.MyMainTest" time="0.002"/>
  <testcase name="mainTest5" classname="edu.qc.seclass.replace.MyMainTest" time="0.002"/>
  <testcase name="mainTest6" classname="edu.qc.seclass.replace.MyMainTest" time="0.003"/>
  <testcase name="mainTest7" classname="edu.qc.seclass.replace.MyMainTest" time="0.001"/>
  <testcase name="mainTest8" classname="edu.qc.seclass.replace.MyMainTest" time="0.002"/>
  <testcase name="mainTest9" classname="edu.qc.seclass.replace.MyMainTest" time="0.001"/>
  <testcase name="mainTest10" classname="edu.qc.seclass.replace.MyMainTest" time="0.002"/>
  <testcase name="mainTest11" classname="edu.qc.seclass.replace.MyMainTest" time="0.001"/>
  <testcase name="mainTest12" classname="edu.qc.seclass.replace.MyMainTest" time="0.002"/>
  <testcase name="mainTest13" classname="edu.qc.seclass.replace.MyMainTest" time="0.002"/>
  <testcase name="mainTest14" classname="edu.qc.seclass.replace.MyMainTest" time="0.001"/>
  <testcase name="mainTest15" classname="edu.qc.seclass.replace.MyMainTest" time="0.003"/>
  <testcase name="mainTest16" classname="edu.qc.seclass.replace.MyMainTest" time="0.002"/>
  <testcase name="mainTest17" classname="edu.qc.seclass.replace.MyMainTest" time="0.001"/>
  <testcase name="mainTest18" classname="edu.qc.seclass.replace.MyMainTest" time="0.001"/>
  <testcase name="mainTest19" classname="edu.qc.seclass.replace.MyMainTest" time="0.001"/>
  <testcase name="mainTest20" classname="edu.qc.seclass.replace.MyMainTest" time="0.002"/>
  <testcase name="mainTest21" classname="edu.qc.seclass.replace.MyMainTest" time="0.003"/>
  <testcase name="mainTest22" classname="edu.qc.seclass.replace.MyMainTest" time="0.001"/>
  <testcase name="mainTest23" classname="edu.qc.seclass.replace.MyMainTest" time="0.001"/>
  <testcase name="mainTest24" classname="edu.qc.seclass.replace.MyMainTest" time="0.001"/>
  <testcase name="mainTest25" classname="edu.qc.seclass.replace.MyMainTest" time="0.001"/>
  <testcase name="mainTest26" classname="edu.qc.seclass.replace.MyMainTest" time="0.002"/>
  <testcase name="mainTest27" classname="edu.qc.seclass.replace.MyMainTest" time="0.001"/>
  <testcase name="mainTest28" classname="edu.qc.seclass.replace.MyMainTest" time="0.002"/>
  <testcase name="mainTest29" classname="edu.qc.seclass.replace.MyMainTest" time="0.002"/>
  <testcase name="mainTest30" classname="edu.qc.seclass.replace.MyMainTest" time="0.002"/>
</testsuite>